<?xml version="1.0" encoding="UTF-8"?>
<!-- Generated by org.testng.reporters.JUnitReportReporter -->
<testsuite name="scripts.Maxit.DataValidation_Flow" tests="26" time="462.614" ignored="7" failures="0" timestamp="06 Sep 2017 02:25:12 GMT" skipped="0" hostname="qa-auto12" errors="0">
  <testcase name="Ledger" time="21.156" classname="scripts.Maxit.DataValidation_Flow"/>
  <testcase name="Ledger" time="19.239" classname="scripts.Maxit.DataValidation_Flow"/>
  <testcase name="Ledger" time="20.441" classname="scripts.Maxit.DataValidation_Flow"/>
  <testcase name="RawTrades" time="17.830" classname="scripts.Maxit.DataValidation_Flow"/>
  <testcase name="RawTrades" time="17.911" classname="scripts.Maxit.DataValidation_Flow"/>
  <testcase name="Ledger" time="19.067" classname="scripts.Maxit.DataValidation_Flow"/>
  <testcase name="Ledger" time="20.476" classname="scripts.Maxit.DataValidation_Flow"/>
  <testcase name="Ledger" time="20.385" classname="scripts.Maxit.DataValidation_Flow"/>
  <testcase name="RawTrades" time="17.829" classname="scripts.Maxit.DataValidation_Flow"/>
  <testcase name="Ledger" time="20.543" classname="scripts.Maxit.DataValidation_Flow"/>
  <testcase name="Ledger" time="20.654" classname="scripts.Maxit.DataValidation_Flow"/>
  <testcase name="RawTrades" time="18.586" classname="scripts.Maxit.DataValidation_Flow"/>
  <testcase name="Ledger" time="19.020" classname="scripts.Maxit.DataValidation_Flow"/>
  <testcase name="RawTrades" time="17.655" classname="scripts.Maxit.DataValidation_Flow"/>
  <testcase name="PreReq_CheckPoint" time="0.004" classname="scripts.Maxit.DataValidation_Flow"/>
  <testcase name="Ledger" time="18.997" classname="scripts.Maxit.DataValidation_Flow"/>
  <testcase name="RawTrades" time="18.606" classname="scripts.Maxit.DataValidation_Flow"/>
  <testcase name="PreReq_CheckPoint" time="0.003" classname="scripts.Maxit.DataValidation_Flow"/>
  <testcase name="Ledger" time="18.723" classname="scripts.Maxit.DataValidation_Flow"/>
  <testcase name="RawTrades" time="18.307" classname="scripts.Maxit.DataValidation_Flow"/>
  <testcase name="Ledger" time="19.479" classname="scripts.Maxit.DataValidation_Flow"/>
  <testcase name="RawTrades" time="18.247" classname="scripts.Maxit.DataValidation_Flow"/>
  <testcase name="Ledger" time="19.057" classname="scripts.Maxit.DataValidation_Flow"/>
  <testcase name="Ledger" time="21.232" classname="scripts.Maxit.DataValidation_Flow"/>
  <testcase name="Ledger" time="18.671" classname="scripts.Maxit.DataValidation_Flow"/>
  <testcase name="Ledger" time="20.496" classname="scripts.Maxit.DataValidation_Flow"/>
  <testcase name="Realized" classname="scripts.Maxit.DataValidation_Flow">
    <skipped/>
  </testcase> <!-- Realized -->
  <testcase name="Realized" classname="scripts.Maxit.DataValidation_Flow">
    <skipped/>
  </testcase> <!-- Realized -->
  <testcase name="OpenClosed" classname="scripts.Maxit.DataValidation_Flow">
    <skipped/>
  </testcase> <!-- OpenClosed -->
  <testcase name="RawTrades" classname="scripts.Maxit.DataValidation_Flow">
    <skipped/>
  </testcase> <!-- RawTrades -->
  <testcase name="OpenClosed" classname="scripts.Maxit.DataValidation_Flow">
    <skipped/>
  </testcase> <!-- OpenClosed -->
  <testcase name="Unrealized" classname="scripts.Maxit.DataValidation_Flow">
    <skipped/>
  </testcase> <!-- Unrealized -->
  <testcase name="Unrealized" classname="scripts.Maxit.DataValidation_Flow">
    <skipped/>
  </testcase> <!-- Unrealized -->
</testsuite> <!-- scripts.Maxit.DataValidation_Flow -->
