<?xml version="1.0" encoding="UTF-8"?>
<!-- Generated by org.testng.reporters.JUnitReportReporter -->
<testsuite name="scripts.Maxit.SmokeTest_TestNG_Approach2" tests="1" time="0.016" ignored="0" failures="0" timestamp="26 Jul 2017 01:12:05 GMT" skipped="0" hostname="qa-auto12" errors="0">
  <testcase name="TestFlow" time="0.016" classname="scripts.Maxit.SmokeTest_TestNG_Approach2"/>
</testsuite> <!-- scripts.Maxit.SmokeTest_TestNG_Approach2 -->
