<?xml version="1.0" encoding="UTF-8"?>
<!-- Generated by org.testng.reporters.JUnitReportReporter -->
<testsuite name="scripts.Maxit.LoginExtends_Demo" tests="2" time="129.879" ignored="0" failures="0" timestamp="15 Aug 2017 22:11:15 GMT" skipped="0" hostname="qa-auto12" errors="0">
  <testcase name="PreReq_CheckPoint" time="0.003" classname="scripts.Maxit.LoginExtends_Demo"/>
  <testcase name="fnTest" time="129.876" classname="scripts.Maxit.LoginExtends_Demo"/>
</testsuite> <!-- scripts.Maxit.LoginExtends_Demo -->
