<?xml version="1.0" encoding="UTF-8"?>
<!-- Generated by org.testng.reporters.JUnitReportReporter -->
<testsuite name="scripts.Maxit.LoginExtends_Demo_DataProv" tests="9" time="144.141" ignored="0" failures="0" timestamp="05 Sep 2017 14:40:26 GMT" skipped="0" hostname="qa-auto12" errors="0">
  <testcase name="SearchResult_DataVal_Ledger" time="16.852" classname="scripts.Maxit.LoginExtends_Demo_DataProv"/>
  <testcase name="PreReq_CheckPoint" time="0.004" classname="scripts.Maxit.LoginExtends_Demo_DataProv"/>
  <testcase name="SearchResult_DataVal_Ledger" time="16.799" classname="scripts.Maxit.LoginExtends_Demo_DataProv"/>
  <testcase name="SearchResult_DataVal_Ledger" time="19.623" classname="scripts.Maxit.LoginExtends_Demo_DataProv"/>
  <testcase name="SearchResult_DataVal_Ledger" time="19.609" classname="scripts.Maxit.LoginExtends_Demo_DataProv"/>
  <testcase name="SearchResult_DataVal_Ledger" time="16.083" classname="scripts.Maxit.LoginExtends_Demo_DataProv"/>
  <testcase name="SearchResult_DataVal_Ledger" time="18.933" classname="scripts.Maxit.LoginExtends_Demo_DataProv"/>
  <testcase name="SearchResult_DataVal_Ledger" time="19.439" classname="scripts.Maxit.LoginExtends_Demo_DataProv"/>
  <testcase name="SearchResult_DataVal_Ledger" time="16.799" classname="scripts.Maxit.LoginExtends_Demo_DataProv"/>
</testsuite> <!-- scripts.Maxit.LoginExtends_Demo_DataProv -->
