<?xml version="1.0" encoding="UTF-8"?>
<!-- Generated by org.testng.reporters.JUnitReportReporter -->
<testsuite name="scripts.Maxit.SmokeTest_TestNG" tests="1" time="0.002" ignored="0" failures="0" timestamp="12 Jul 2017 14:42:19 GMT" skipped="0" hostname="qa-auto12" errors="0">
  <testcase name="TestFlow" time="0.002" classname="scripts.Maxit.SmokeTest_TestNG"/>
</testsuite> <!-- scripts.Maxit.SmokeTest_TestNG -->
